Build started 11/19/2015 11:29:53 PM.
     1>Project "F:\1-2\1-2 practice coding\offline 3.c\offline 3.c\offline 3.c.vcxproj" on node 2 (build target(s)).
     1>InitializeBuildStatus:
         Creating "Debug\offline 3.c.unsuccessfulbuild" because "AlwaysCreate" was specified.
       ClCompile:
         C:\Program Files (x86)\Microsoft Visual Studio 10.0\VC\bin\CL.exe /c /ZI /nologo /W3 /WX- /Od /Oy- /D _MBCS /Gm /EHsc /RTC1 /MDd /GS /fp:precise /Zc:wchar_t /Zc:forScope /Fo"Debug\\" /Fd"Debug\vc100.pdb" /Gd /TP /analyze- /errorReport:prompt miraj.cpp
         miraj.cpp
     1>f:\1-2\1-2 practice coding\offline 3.c\offline 3.c\miraj.cpp(30): warning C4996: 'gets': This function or variable may be unsafe. Consider using gets_s instead. To disable deprecation, use _CRT_SECURE_NO_WARNINGS. See online help for details.
                 c:\program files (x86)\microsoft visual studio 10.0\vc\include\stdio.h(277) : see declaration of 'gets'
     1>f:\1-2\1-2 practice coding\offline 3.c\offline 3.c\miraj.cpp(61): warning C4996: 'getch': The POSIX name for this item is deprecated. Instead, use the ISO C++ conformant name: _getch. See online help for details.
                 c:\program files (x86)\microsoft visual studio 10.0\vc\include\conio.h(128) : see declaration of 'getch'
       Link:
         C:\Program Files (x86)\Microsoft Visual Studio 10.0\VC\bin\link.exe /ERRORREPORT:PROMPT /OUT:"F:\1-2\1-2 practice coding\offline 3.c\Debug\offline 3.c.exe" /NOLOGO kernel32.lib user32.lib gdi32.lib winspool.lib comdlg32.lib advapi32.lib shell32.lib ole32.lib oleaut32.lib uuid.lib odbc32.lib odbccp32.lib /MANIFEST /ManifestFile:"Debug\offline 3.c.exe.intermediate.manifest" /MANIFESTUAC:"level='asInvoker' uiAccess='false'" /DEBUG /PDB:"F:\1-2\1-2 practice coding\offline 3.c\Debug\offline 3.c.pdb" /TLBID:1 /DYNAMICBASE /NXCOMPAT /IMPLIB:"F:\1-2\1-2 practice coding\offline 3.c\Debug\offline 3.c.lib" /MACHINE:X86 Debug\miraj.obj
         LINK : F:\1-2\1-2 practice coding\offline 3.c\Debug\offline 3.c.exe not found or not built by the last incremental link; performing full link
         offline 3.c.vcxproj -> F:\1-2\1-2 practice coding\offline 3.c\Debug\offline 3.c.exe
       Manifest:
         C:\Program Files (x86)\Microsoft SDKs\Windows\v7.0A\bin\mt.exe /nologo /verbose /outputresource:"F:\1-2\1-2 practice coding\offline 3.c\Debug\offline 3.c.exe;#1" /manifest "Debug\offline 3.c.exe.intermediate.manifest"
       FinalizeBuildStatus:
         Deleting file "Debug\offline 3.c.unsuccessfulbuild".
         Touching "Debug\offline 3.c.lastbuildstate".
     1>Done Building Project "F:\1-2\1-2 practice coding\offline 3.c\offline 3.c\offline 3.c.vcxproj" (build target(s)).

Build succeeded.

Time Elapsed 00:00:00.31
